
> rso-compliance-app@0.1.0 dev
> next dev --turbopack

   ▲ Next.js 15.5.3 (Turbopack)
   - Local:        http://localhost:3000
   - Network:      http://169.254.0.21:3000

 ✓ Starting...
 ✓ Ready in 1506ms
 ○ Compiling / ...
 ✓ Compiled / in 6.1s
 GET / 200 in 6849ms
 ⚠ Cross origin request detected from modern-parts-send.lindy.site to /_next/* resource. In a future major version of Next.js, you will need to explicitly configure "allowedDevOrigins" in next.config to allow this.
Read more: https://nextjs.org/docs/app/api-reference/config/next-config-js/allowedDevOrigins
 ○ Compiling /api/init-db ...
 ✓ Compiled /api/init-db in 929ms
Database initialized successfully
Sample data already exists
 POST /api/init-db 200 in 1347ms
 ✓ Compiled /api/patients in 183ms
 GET /api/patients 200 in 455ms
 GET /api/patients 200 in 294ms
 ✓ Compiled /api/compliance/daily-surveys in 194ms
 GET /api/compliance/daily-surveys 200 in 498ms
 GET /api/compliance/daily-surveys 200 in 265ms
 ✓ Compiled in 278ms
 ⚠ Fast Refresh had to perform a full reload due to a runtime error.
 GET / 200 in 360ms
 ✓ Compiled /favicon.ico in 315ms
Database initialized successfully
Sample data already exists
 POST /api/init-db 200 in 309ms
 GET /favicon.ico?favicon.bf3c9292.ico 200 in 615ms
 GET /api/patients 200 in 271ms
 GET /api/patients 200 in 271ms
 GET / 200 in 141ms
Database initialized successfully
Sample data already exists
 POST /api/init-db 200 in 281ms
 GET /api/patients 200 in 264ms
 GET /api/patients 200 in 270ms
 GET /api/compliance/daily-surveys 200 in 270ms
 GET /api/compliance/daily-surveys 200 in 254ms
 GET / 200 in 130ms
Database initialized successfully
Sample data already exists
 POST /api/init-db 200 in 280ms
 GET /api/patients 200 in 266ms
 GET /api/patients 200 in 270ms
 ✓ Compiled in 314ms
 ⚠ Fast Refresh had to perform a full reload due to a runtime error.
 ⚠ Fast Refresh had to perform a full reload due to a runtime error.
 GET / 200 in 372ms
 GET /favicon.ico?favicon.bf3c9292.ico 200 in 265ms
Database initialized successfully
Sample data already exists
 POST /api/init-db 200 in 290ms
 GET /api/patients 200 in 266ms
 GET /api/patients 200 in 273ms
 GET / 200 in 129ms
Database initialized successfully
Sample data already exists
 POST /api/init-db 200 in 266ms
 GET /api/patients 200 in 285ms
 GET /api/patients 200 in 277ms
 GET /api/compliance/daily-surveys 200 in 309ms
 GET /api/compliance/daily-surveys 200 in 268ms
 GET / 200 in 152ms
Database initialized successfully
Sample data already exists
 POST /api/init-db 200 in 284ms
 GET /api/patients 200 in 272ms
 GET /api/patients 200 in 262ms
 GET /api/compliance/daily-surveys 200 in 277ms
 GET /api/compliance/daily-surveys 200 in 280ms
 ✓ Compiled in 274ms
 ⚠ Fast Refresh had to perform a full reload due to a runtime error.
 GET / 200 in 343ms
 GET /favicon.ico?favicon.bf3c9292.ico 200 in 270ms
Database initialized successfully
Sample data already exists
 POST /api/init-db 200 in 325ms
 GET /api/patients 200 in 266ms
 GET /api/patients 200 in 266ms
 GET / 200 in 147ms
Database initialized successfully
Sample data already exists
 POST /api/init-db 200 in 288ms
 GET /api/patients 200 in 272ms
 GET /api/patients 200 in 396ms
 GET /api/compliance/daily-surveys 200 in 275ms
 GET /api/compliance/daily-surveys 200 in 272ms
 ✓ Compiled /api/compliance/sealed-source in 211ms
 GET /api/compliance/sealed-source 200 in 508ms
 GET /api/compliance/sealed-source 200 in 258ms
 ✓ Compiled in 281ms
 ⚠ Fast Refresh had to perform a full reload due to a runtime error.
 GET / 200 in 391ms
Database initialized successfully
Sample data already exists
 POST /api/init-db 200 in 280ms
 GET /favicon.ico?favicon.bf3c9292.ico 200 in 255ms
 GET /api/patients 200 in 263ms
 GET /api/patients 200 in 260ms
 ✓ Compiled in 240ms
 GET /api/compliance/daily-surveys 200 in 287ms
 GET /api/compliance/daily-surveys 200 in 273ms
 GET /api/compliance/sealed-source 200 in 276ms
 GET /api/compliance/sealed-source 200 in 266ms
 ✓ Compiled /api/compliance/tracer-checkout in 184ms
 GET /api/compliance/tracer-checkout 200 in 468ms
 GET /api/compliance/tracer-checkout 200 in 268ms
 ✓ Compiled /api/compliance/qc-calibrator in 180ms
 GET /api/compliance/qc-calibrator 200 in 485ms
 GET /api/compliance/qc-calibrator 200 in 267ms
 ✓ Compiled /api/compliance/dosimeter-tracker in 148ms
 GET /api/compliance/dosimeter-tracker 200 in 429ms
 GET /api/compliance/dosimeter-tracker 200 in 259ms
 GET / 200 in 361ms
Database initialized successfully
Sample data already exists
 POST /api/init-db 200 in 284ms
 GET /api/patients 200 in 263ms
 GET /api/patients 200 in 271ms
 GET / 200 in 160ms
Database initialized successfully
Sample data already exists
 POST /api/init-db 200 in 286ms
 GET /api/patients 200 in 276ms
 GET /api/patients 200 in 267ms
 GET /api/compliance/daily-surveys 200 in 276ms
 GET /api/compliance/daily-surveys 200 in 268ms
 GET / 200 in 129ms
Database initialized successfully
Sample data already exists
 POST /api/init-db 200 in 284ms
 GET /api/patients 200 in 261ms
 GET /api/patients 200 in 265ms
 GET /api/compliance/daily-surveys 200 in 270ms
 GET /api/compliance/daily-surveys 200 in 264ms
 GET /api/compliance/sealed-source 200 in 263ms
 GET /api/compliance/sealed-source 200 in 262ms
 ✓ Compiled in 291ms
 GET / 200 in 385ms
Database initialized successfully
Sample data already exists
 POST /api/init-db 200 in 282ms
 GET /api/patients 200 in 276ms
 GET /api/patients 200 in 284ms
 GET /api/compliance/daily-surveys 200 in 294ms
 GET /api/compliance/daily-surveys 200 in 272ms
 GET /api/compliance/sealed-source 200 in 275ms
 GET /api/compliance/sealed-source 200 in 267ms
 GET /api/compliance/tracer-checkout 200 in 279ms
 GET /api/compliance/tracer-checkout 200 in 261ms
 GET / 200 in 132ms
Database initialized successfully
Sample data already exists
 POST /api/init-db 200 in 281ms
 GET /api/patients 200 in 268ms
 GET /api/patients 200 in 260ms
 GET /api/compliance/daily-surveys 200 in 262ms
 GET /api/compliance/daily-surveys 200 in 257ms
 GET /api/compliance/sealed-source 200 in 263ms
 GET /api/compliance/sealed-source 200 in 261ms
 ✓ Compiled in 313ms
 GET / 200 in 367ms
Database initialized successfully
Sample data already exists
 POST /api/init-db 200 in 291ms
 GET /api/patients 200 in 264ms
 GET /api/patients 200 in 296ms
 GET /api/compliance/daily-surveys 200 in 318ms
 GET /api/compliance/daily-surveys 200 in 267ms
 GET /api/compliance/sealed-source 200 in 280ms
 GET /api/compliance/sealed-source 200 in 267ms
 GET /api/compliance/tracer-checkout 200 in 298ms
 GET /api/compliance/tracer-checkout 200 in 263ms
 GET /api/compliance/qc-calibrator 200 in 282ms
 GET /api/compliance/qc-calibrator 200 in 264ms
 ✓ Compiled in 317ms
 ✓ Compiled in 234ms
 ✓ Compiled in 290ms
